<?xml version="1.0" encoding="UTF-8"?>
<!-- Generated by org.testng.reporters.JUnitReportReporter -->
<testsuite hostname="LAPTOP-IOVGUPS1" failures="0" tests="5" name="tests.TestNg1" time="0.009" errors="0" timestamp="2022-06-28T12:49:23 IST" skipped="1">
  <testcase classname="tests.TestNg1" name="testB" time="0.002"/>
  <system-out/>
  <testcase classname="tests.TestNg1" name="testB" time="0.005"/>
  <system-out/>
  <testcase classname="tests.TestNg1" name="testA" time="0.001"/>
  <system-out/>
  <testcase classname="tests.TestNg1" name="testD" time="0.001"/>
  <system-out/>
  <testcase classname="tests.TestNg1" name="testC">
    <skipped/>
  </testcase> <!-- testC -->
  <system-out/>
</testsuite> <!-- tests.TestNg1 -->
